<?xml version="1.0" encoding="UTF-8"?>
<!-- Generated by org.testng.reporters.JUnitReportReporter -->
<testsuite hostname="IN-PG02NMAH" failures="0" tests="1" name="com.automation.TestScripts.SearchTheParisOlympics" time="10.463" errors="0" timestamp="2024-07-30T11:36:13 IST" skipped="0">
  <testcase classname="com.automation.TestScripts.SearchTheParisOlympics" name="searchParis" time="10.463"/>
  <system-out/>
</testsuite> <!-- com.automation.TestScripts.SearchTheParisOlympics -->
