<?xml version="1.0" encoding="UTF-8"?>
<!-- Generated by org.testng.reporters.JUnitReportReporter -->
<testsuite hostname="IN-PG02NMAH" failures="0" tests="1" name="com.automation.generic.Login" time="17.889" errors="0" timestamp="2024-08-02T11:27:33 IST" skipped="0">
  <testcase classname="com.automation.generic.Login" name="loginPage" time="17.889"/>
  <system-out/>
</testsuite> <!-- com.automation.generic.Login -->
