<?xml version="1.0" encoding="UTF-8"?>
<!-- Generated by org.testng.reporters.JUnitReportReporter -->
<testsuite hostname="IN-PG02NMAH" failures="0" tests="1" name="com.automation.test.SearchTheFunctionalityTest" time="2.461" errors="0" timestamp="2024-08-01T11:33:14 IST" skipped="0">
  <testcase classname="com.automation.test.SearchTheFunctionalityTest" name="searchAnyKeyword" time="2.461"/>
  <system-out/>
</testsuite> <!-- com.automation.test.SearchTheFunctionalityTest -->
