<?xml version="1.0" encoding="UTF-8"?>
<!-- Generated by org.testng.reporters.JUnitReportReporter -->
<testsuite hostname="IN-PG02NMAH" failures="0" tests="2" name="com.automation.test.HomePageTest" time="0.387" errors="0" timestamp="2024-08-02T12:09:58 IST" skipped="0">
  <testcase classname="com.automation.test.HomePageTest" name="verifyTheWorld" time="0.202"/>
  <system-out/>
  <testcase classname="com.automation.test.HomePageTest" name="VerifyOpinion" time="0.185"/>
  <system-out/>
</testsuite> <!-- com.automation.test.HomePageTest -->
