<?xml version="1.0" encoding="UTF-8"?>
<!-- Generated by org.testng.reporters.JUnitReportReporter -->
<testsuite hostname="IN-PG02NMAH" failures="0" tests="1" name="com.automation.TestScripts.VerifytheWorldSectionPage" time="5.289" errors="0" timestamp="2024-07-30T11:36:13 IST" skipped="0">
  <testcase classname="com.automation.TestScripts.VerifytheWorldSectionPage" name="VeifyTheWorld" time="5.289"/>
  <system-out/>
</testsuite> <!-- com.automation.TestScripts.VerifytheWorldSectionPage -->
