<?xml version="1.0" encoding="UTF-8"?>
<!-- Generated by org.testng.reporters.JUnitReportReporter -->
<testsuite hostname="IN-PG02NMAH" failures="0" tests="1" name="com.automation.TestScripts.SearchAnyKeyword" time="17.347" errors="0" timestamp="2024-07-30T13:29:42 IST" skipped="0">
  <testcase classname="com.automation.TestScripts.SearchAnyKeyword" name="Test" time="17.347"/>
  <system-out/>
</testsuite> <!-- com.automation.TestScripts.SearchAnyKeyword -->
