<?xml version="1.0" encoding="UTF-8"?>
<!-- Generated by org.testng.reporters.JUnitReportReporter -->
<testsuite hostname="IN-PG02NMAH" failures="0" tests="1" name="com.automation.test.SearchFunctionalityTest" time="2.306" errors="0" timestamp="2024-08-02T12:10:40 IST" skipped="0">
  <testcase classname="com.automation.test.SearchFunctionalityTest" name="searchAnyKeyword" time="2.306"/>
  <system-out/>
</testsuite> <!-- com.automation.test.SearchFunctionalityTest -->
