<?xml version="1.0" encoding="UTF-8"?>
<!-- Generated by org.testng.reporters.JUnitReportReporter -->
<testsuite hostname="IN-PG02NMAH" failures="0" tests="1" name="com.automation.TestScripts.BrokenLinkVerifyClass" time="22.510" errors="0" timestamp="2024-07-30T00:52:12 IST" skipped="0">
  <testcase classname="com.automation.TestScripts.BrokenLinkVerifyClass" name="BrokenLink" time="22.510"/>
  <system-out/>
</testsuite> <!-- com.automation.TestScripts.BrokenLinkVerifyClass -->
