<?xml version="1.0" encoding="UTF-8"?>
<!-- Generated by org.testng.reporters.JUnitReportReporter -->
<testsuite hostname="IN-PG02NMAH" failures="0" tests="1" name="com.automation.generic.Login" time="16.766" errors="0" timestamp="2024-08-02T12:09:35 IST" skipped="0">
  <testcase classname="com.automation.generic.Login" name="loginPage" time="16.766"/>
  <system-out/>
</testsuite> <!-- com.automation.generic.Login -->
