<?xml version="1.0" encoding="UTF-8"?>
<!-- Generated by org.testng.reporters.JUnitReportReporter -->
<testsuite hostname="IN-PG02NMAH" failures="0" tests="1" name="com.automation.TestScripts.TestScripts1" time="49.918" errors="0" timestamp="2024-07-29T23:19:55 IST" skipped="0">
  <testcase classname="com.automation.TestScripts.TestScripts1" name="Test" time="49.918"/>
  <system-out/>
</testsuite> <!-- com.automation.TestScripts.TestScripts1 -->
