<?xml version="1.0" encoding="UTF-8"?>
<!-- Generated by org.testng.reporters.JUnitReportReporter -->
<testsuite hostname="IN-PG02NMAH" failures="0" tests="1" name="com.automation.test.HomePageTitle" time="0.027" errors="0" timestamp="2024-08-02T12:10:23 IST" skipped="0">
  <testcase classname="com.automation.test.HomePageTitle" name="testTitle" time="0.027"/>
  <system-out/>
</testsuite> <!-- com.automation.test.HomePageTitle -->
